<?xml version="1.0" encoding="UTF-8"?>
<!-- Generated by org.testng.reporters.JUnitReportReporter -->
<testsuite hostname="LAPTOP-QQHO79JR" failures="0" tests="6" name="com.crm.qa.tests.ContactsPageTest" time="120.555" errors="0" timestamp="2022-05-14T16:27:48 EDT" skipped="0">
  <testcase classname="com.crm.qa.tests.ContactsPageTest" name="verifyContactsLabelTest" time="18.091"/>
  <system-out/>
  <testcase classname="com.crm.qa.tests.ContactsPageTest" name="selectContactsTest" time="17.203"/>
  <system-out/>
  <testcase classname="com.crm.qa.tests.ContactsPageTest" name="selectMultipleContactTest" time="17.100"/>
  <system-out/>
  <testcase classname="com.crm.qa.tests.ContactsPageTest" name="validateCreateNewContact" time="22.586"/>
  <system-out/>
  <testcase classname="com.crm.qa.tests.ContactsPageTest" name="validateCreateNewContact" time="23.277"/>
  <system-out/>
  <testcase classname="com.crm.qa.tests.ContactsPageTest" name="validateCreateNewContact" time="22.298"/>
  <system-out/>
</testsuite> <!-- com.crm.qa.tests.ContactsPageTest -->
