<?xml version="1.0" encoding="UTF-8"?>
<!-- Generated by org.testng.reporters.JUnitReportReporter -->
<testsuite hostname="LAPTOP-QQHO79JR" failures="0" tests="6" name="com.crm.qa.tests.ContactsPageTest" time="133.479" errors="0" timestamp="2022-05-15T11:33:34 EDT" skipped="0">
  <testcase classname="com.crm.qa.tests.ContactsPageTest" name="verifyContactsLabelTest" time="19.864"/>
  <system-out/>
  <testcase classname="com.crm.qa.tests.ContactsPageTest" name="selectContactsTest" time="21.597"/>
  <system-out/>
  <testcase classname="com.crm.qa.tests.ContactsPageTest" name="selectMultipleContactTest" time="21.484"/>
  <system-out/>
  <testcase classname="com.crm.qa.tests.ContactsPageTest" name="validateCreateNewContact" time="23.500"/>
  <system-out/>
  <testcase classname="com.crm.qa.tests.ContactsPageTest" name="validateCreateNewContact" time="23.948"/>
  <system-out/>
  <testcase classname="com.crm.qa.tests.ContactsPageTest" name="validateCreateNewContact" time="23.086"/>
  <system-out/>
</testsuite> <!-- com.crm.qa.tests.ContactsPageTest -->
