<?xml version="1.0" encoding="UTF-8"?>
<!-- Generated by org.testng.reporters.JUnitReportReporter -->
<testsuite hostname="LAPTOP-QQHO79JR" failures="0" tests="3" name="com.crm.qa.tests.LoginPageTest" time="33.265" errors="0" timestamp="2022-05-15T11:36:40 EDT" skipped="0">
  <testcase classname="com.crm.qa.tests.LoginPageTest" name="loginPageTitleTest" time="6.972"/>
  <system-out/>
  <testcase classname="com.crm.qa.tests.LoginPageTest" name="crmLogoImageTest" time="10.487"/>
  <system-out/>
  <testcase classname="com.crm.qa.tests.LoginPageTest" name="loginTest" time="15.806"/>
  <system-out/>
</testsuite> <!-- com.crm.qa.tests.LoginPageTest -->
