<?xml version="1.0" encoding="UTF-8"?>
<!-- Generated by org.testng.reporters.JUnitReportReporter -->
<testsuite hostname="LAPTOP-QQHO79JR" failures="0" tests="5" name="com.crm.qa.tests.HomePageTest" time="65.867" errors="0" timestamp="2022-05-01T11:05:22 EDT" skipped="0">
  <testcase classname="com.crm.qa.tests.HomePageTest" name="verifyHomePageTitleTest" time="13.081"/>
  <system-out/>
  <testcase classname="com.crm.qa.tests.HomePageTest" name="verifyUserNameTest" time="14.344"/>
  <system-out/>
  <testcase classname="com.crm.qa.tests.HomePageTest" name="verifyContactsLink" time="13.639"/>
  <system-out/>
  <testcase classname="com.crm.qa.tests.HomePageTest" name="verifyDealsLink" time="12.337"/>
  <system-out/>
  <testcase classname="com.crm.qa.tests.HomePageTest" name="verifyTasksLink" time="12.466"/>
  <system-out/>
</testsuite> <!-- com.crm.qa.tests.HomePageTest -->
