<?xml version="1.0" encoding="UTF-8"?>
<!-- Generated by org.testng.reporters.JUnitReportReporter -->
<testsuite hostname="LAPTOP-QQHO79JR" failures="0" tests="5" name="com.crm.qa.tests.HomePageTest" time="93.924" errors="0" timestamp="2022-05-15T11:33:34 EDT" skipped="0">
  <testcase classname="com.crm.qa.tests.HomePageTest" name="verifyHomePageTitleTest" time="16.435"/>
  <system-out/>
  <testcase classname="com.crm.qa.tests.HomePageTest" name="verifyUserNameTest" time="17.876"/>
  <system-out/>
  <testcase classname="com.crm.qa.tests.HomePageTest" name="verifyContactsLink" time="19.788"/>
  <system-out/>
  <testcase classname="com.crm.qa.tests.HomePageTest" name="verifyDealsLink" time="19.827"/>
  <system-out/>
  <testcase classname="com.crm.qa.tests.HomePageTest" name="verifyTasksLink" time="19.998"/>
  <system-out/>
</testsuite> <!-- com.crm.qa.tests.HomePageTest -->
