<?xml version="1.0" encoding="UTF-8"?>
<!-- Generated by org.testng.reporters.JUnitReportReporter -->
<testsuite hostname="LAPTOP-QQHO79JR" failures="0" tests="3" name="com.crm.qa.tests.LoginPageTest" time="32.191" errors="0" timestamp="2022-05-14T16:27:48 EDT" skipped="0">
  <testcase classname="com.crm.qa.tests.LoginPageTest" name="loginPageTitleTest" time="7.116"/>
  <system-out/>
  <testcase classname="com.crm.qa.tests.LoginPageTest" name="crmLogoImageTest" time="10.030"/>
  <system-out/>
  <testcase classname="com.crm.qa.tests.LoginPageTest" name="loginTest" time="15.045"/>
  <system-out/>
</testsuite> <!-- com.crm.qa.tests.LoginPageTest -->
