<?xml version="1.0" encoding="UTF-8"?>
<!-- Generated by org.testng.reporters.JUnitReportReporter -->
<testsuite hostname="LAPTOP-QQHO79JR" failures="0" tests="6" name="com.crm.qa.tests.ContactsPageTest" time="85.196" errors="0" timestamp="2022-05-01T11:05:22 EDT" skipped="0">
  <testcase classname="com.crm.qa.tests.ContactsPageTest" name="verifyContactsLabelTest" time="12.216"/>
  <system-out/>
  <testcase classname="com.crm.qa.tests.ContactsPageTest" name="selectContactsTest" time="12.347"/>
  <system-out/>
  <testcase classname="com.crm.qa.tests.ContactsPageTest" name="selectMultipleContactTest" time="13.037"/>
  <system-out/>
  <testcase classname="com.crm.qa.tests.ContactsPageTest" name="validateCreateNewContact" time="16.098"/>
  <system-out/>
  <testcase classname="com.crm.qa.tests.ContactsPageTest" name="validateCreateNewContact" time="16.491"/>
  <system-out/>
  <testcase classname="com.crm.qa.tests.ContactsPageTest" name="validateCreateNewContact" time="15.007"/>
  <system-out/>
</testsuite> <!-- com.crm.qa.tests.ContactsPageTest -->
