<?xml version="1.0" encoding="UTF-8"?>
<!-- Generated by org.testng.reporters.JUnitReportReporter -->
<testsuite hostname="LAPTOP-QQHO79JR" failures="0" tests="5" name="com.crm.qa.tests.HomePageTest" time="84.454" errors="0" timestamp="2022-05-14T16:27:48 EDT" skipped="0">
  <testcase classname="com.crm.qa.tests.HomePageTest" name="verifyHomePageTitleTest" time="15.198"/>
  <system-out/>
  <testcase classname="com.crm.qa.tests.HomePageTest" name="verifyUserNameTest" time="16.714"/>
  <system-out/>
  <testcase classname="com.crm.qa.tests.HomePageTest" name="verifyContactsLink" time="16.788"/>
  <system-out/>
  <testcase classname="com.crm.qa.tests.HomePageTest" name="verifyDealsLink" time="19.044"/>
  <system-out/>
  <testcase classname="com.crm.qa.tests.HomePageTest" name="verifyTasksLink" time="16.710"/>
  <system-out/>
</testsuite> <!-- com.crm.qa.tests.HomePageTest -->
