<?xml version="1.0" encoding="UTF-8"?>
<!-- Generated by org.testng.reporters.JUnitReportReporter -->
<testsuite hostname="LAPTOP-QQHO79JR" failures="0" tests="3" name="com.crm.qa.tests.LoginPageTest" time="27.141" errors="0" timestamp="2022-05-01T11:05:22 EDT" skipped="0">
  <testcase classname="com.crm.qa.tests.LoginPageTest" name="loginPageTitleTest" time="7.440"/>
  <system-out/>
  <testcase classname="com.crm.qa.tests.LoginPageTest" name="crmLogoImageTest" time="7.068"/>
  <system-out/>
  <testcase classname="com.crm.qa.tests.LoginPageTest" name="loginTest" time="12.633"/>
  <system-out/>
</testsuite> <!-- com.crm.qa.tests.LoginPageTest -->
